<?xml version="1.0" encoding="UTF-8"?>
<robot generator="Robot 5.0 (Python 3.10.4 on win32)" generated="20220520 16:31:02.480" rpa="false" schemaversion="3">
<suite id="s1" name="loginTC" source="D:\Fsoft\Robot Excercise\Assignment_Web_AUT_Group2\Assignment_Web_AUT_Group2\TestCases\Login\loginTC.robot">
<test id="s1-t1" name="Login" line="13">
<kw name="Open My Browser" library="common" type="SETUP">
<kw name="Evaluate" library="BuiltIn">
<var>${options}</var>
<arg>sys.modules['selenium.webdriver'].ChromeOptions()</arg>
<arg>sys, selenium.webdriver</arg>
<doc>Evaluates the given expression in Python and returns the result.</doc>
<msg timestamp="20220520 16:31:04.364" level="INFO">${options} = &lt;selenium.webdriver.chrome.options.Options object at 0x000001FC375C4070&gt;</msg>
<status status="PASS" starttime="20220520 16:31:04.363" endtime="20220520 16:31:04.364"/>
</kw>
<kw name="Call Method" library="BuiltIn">
<arg>${options}</arg>
<arg>add_extension</arg>
<arg>D:\\Fsoft\\Robot Excercise\\Assignment_Web_AUT_Group2\\Assignment_Web_AUT_Group2\\PageObjects\\Common/../../Extension/ublock.crx</arg>
<doc>Calls the named method of the given object with the provided arguments.</doc>
<status status="PASS" starttime="20220520 16:31:04.364" endtime="20220520 16:31:04.365"/>
</kw>
<kw name="Create Webdriver" library="Selenium2Library">
<arg>Chrome</arg>
<arg>chrome_options=${options}</arg>
<doc>Creates an instance of Selenium WebDriver.</doc>
<msg timestamp="20220520 16:31:04.365" level="INFO">Creating an instance of the Chrome WebDriver.</msg>
<status status="PASS" starttime="20220520 16:31:04.365" endtime="20220520 16:31:09.309"/>
</kw>
<kw name="Go To" library="Selenium2Library">
<arg>${URL}</arg>
<doc>Navigates the current browser window to the provided ``url``.</doc>
<msg timestamp="20220520 16:31:09.310" level="INFO">Opening url 'https://ecommerce.anhtester.com/login'</msg>
<status status="PASS" starttime="20220520 16:31:09.309" endtime="20220520 16:31:12.945"/>
</kw>
<kw name="Maximize Browser Window" library="Selenium2Library">
<doc>Maximizes current browser window.</doc>
<status status="PASS" starttime="20220520 16:31:12.946" endtime="20220520 16:31:13.080"/>
</kw>
<kw name="Verify Current URL" library="common">
<kw name="Get Location" library="Selenium2Library">
<var>${curURL}</var>
<doc>Returns the current browser window URL.</doc>
<msg timestamp="20220520 16:31:13.090" level="INFO">${curURL} = https://ecommerce.anhtester.com/login</msg>
<status status="PASS" starttime="20220520 16:31:13.081" endtime="20220520 16:31:13.090"/>
</kw>
<kw name="Log To Console" library="BuiltIn">
<arg>${curURL}</arg>
<doc>Logs the given message to the console.</doc>
<status status="PASS" starttime="20220520 16:31:13.090" endtime="20220520 16:31:13.091"/>
</kw>
<status status="PASS" starttime="20220520 16:31:13.081" endtime="20220520 16:31:13.092"/>
</kw>
<status status="PASS" starttime="20220520 16:31:04.363" endtime="20220520 16:31:13.092"/>
</kw>
<kw name="Test Login">
<arg>admin01@gmail.com</arg>
<arg>123456</arg>
<kw name="Enter Email" library="LoginKW">
<arg>${emailInput}</arg>
<kw name="Input For Text" library="common">
<arg>${emailTxt}</arg>
<arg>${emailInput}</arg>
<kw name="Wait Until Element Is Visible" library="Selenium2Library">
<arg>${element}</arg>
<doc>Waits until the element ``locator`` is visible.</doc>
<status status="PASS" starttime="20220520 16:31:13.097" endtime="20220520 16:31:13.152"/>
</kw>
<kw name="Input Text" library="Selenium2Library">
<arg>${element}</arg>
<arg>${input}</arg>
<doc>Types the given ``text`` into the text field identified by ``locator``.</doc>
<msg timestamp="20220520 16:31:13.154" level="INFO">Typing text 'admin01@gmail.com' into text field 'xpath://input[@id='email']'.</msg>
<status status="PASS" starttime="20220520 16:31:13.153" endtime="20220520 16:31:13.377"/>
</kw>
<status status="PASS" starttime="20220520 16:31:13.095" endtime="20220520 16:31:13.377"/>
</kw>
<status status="PASS" starttime="20220520 16:31:13.094" endtime="20220520 16:31:13.377"/>
</kw>
<kw name="Enter Password" library="LoginKW">
<arg>${passwordInput}</arg>
<kw name="Input For Text" library="common">
<arg>${passwordTxt}</arg>
<arg>${passwordInput}</arg>
<kw name="Wait Until Element Is Visible" library="Selenium2Library">
<arg>${element}</arg>
<doc>Waits until the element ``locator`` is visible.</doc>
<status status="PASS" starttime="20220520 16:31:13.380" endtime="20220520 16:31:13.424"/>
</kw>
<kw name="Input Text" library="Selenium2Library">
<arg>${element}</arg>
<arg>${input}</arg>
<doc>Types the given ``text`` into the text field identified by ``locator``.</doc>
<msg timestamp="20220520 16:31:13.426" level="INFO">Typing text '123456' into text field 'xpath://input[@id='password']'.</msg>
<status status="PASS" starttime="20220520 16:31:13.425" endtime="20220520 16:31:13.577"/>
</kw>
<status status="PASS" starttime="20220520 16:31:13.379" endtime="20220520 16:31:13.578"/>
</kw>
<status status="PASS" starttime="20220520 16:31:13.378" endtime="20220520 16:31:13.578"/>
</kw>
<kw name="Click On Button Login" library="LoginKW">
<kw name="Click For Element" library="common">
<arg>${loginBtn}</arg>
<kw name="Wait Until Element Is Visible" library="Selenium2Library">
<arg>${element}</arg>
<doc>Waits until the element ``locator`` is visible.</doc>
<status status="PASS" starttime="20220520 16:31:13.580" endtime="20220520 16:31:13.614"/>
</kw>
<kw name="Click Element" library="Selenium2Library">
<arg>${element}</arg>
<doc>Click the element identified by ``locator``.</doc>
<msg timestamp="20220520 16:31:13.615" level="INFO">Clicking element 'xpath://button[normalize-space()='Login']'.</msg>
<status status="PASS" starttime="20220520 16:31:13.614" endtime="20220520 16:31:14.553"/>
</kw>
<status status="PASS" starttime="20220520 16:31:13.579" endtime="20220520 16:31:14.553"/>
</kw>
<status status="PASS" starttime="20220520 16:31:13.578" endtime="20220520 16:31:14.554"/>
</kw>
<status status="PASS" starttime="20220520 16:31:13.092" endtime="20220520 16:31:14.554"/>
</kw>
<kw name="Close My Browser" library="common" type="TEARDOWN">
<kw name="Close All Browsers" library="Selenium2Library">
<doc>Closes all open browsers and resets the browser cache.</doc>
<status status="PASS" starttime="20220520 16:31:14.556" endtime="20220520 16:31:17.021"/>
</kw>
<status status="PASS" starttime="20220520 16:31:14.555" endtime="20220520 16:31:17.022"/>
</kw>
<status status="PASS" starttime="20220520 16:31:04.359" endtime="20220520 16:31:17.022"/>
</test>
<test id="s1-t2" name="Login" line="13">
<kw name="Open My Browser" library="common" type="SETUP">
<kw name="Evaluate" library="BuiltIn">
<var>${options}</var>
<arg>sys.modules['selenium.webdriver'].ChromeOptions()</arg>
<arg>sys, selenium.webdriver</arg>
<doc>Evaluates the given expression in Python and returns the result.</doc>
<msg timestamp="20220520 16:31:17.028" level="INFO">${options} = &lt;selenium.webdriver.chrome.options.Options object at 0x000001FC375C44F0&gt;</msg>
<status status="PASS" starttime="20220520 16:31:17.027" endtime="20220520 16:31:17.028"/>
</kw>
<kw name="Call Method" library="BuiltIn">
<arg>${options}</arg>
<arg>add_extension</arg>
<arg>D:\\Fsoft\\Robot Excercise\\Assignment_Web_AUT_Group2\\Assignment_Web_AUT_Group2\\PageObjects\\Common/../../Extension/ublock.crx</arg>
<doc>Calls the named method of the given object with the provided arguments.</doc>
<status status="PASS" starttime="20220520 16:31:17.028" endtime="20220520 16:31:17.029"/>
</kw>
<kw name="Create Webdriver" library="Selenium2Library">
<arg>Chrome</arg>
<arg>chrome_options=${options}</arg>
<doc>Creates an instance of Selenium WebDriver.</doc>
<msg timestamp="20220520 16:31:17.029" level="INFO">Creating an instance of the Chrome WebDriver.</msg>
<status status="PASS" starttime="20220520 16:31:17.029" endtime="20220520 16:31:21.455"/>
</kw>
<kw name="Go To" library="Selenium2Library">
<arg>${URL}</arg>
<doc>Navigates the current browser window to the provided ``url``.</doc>
<msg timestamp="20220520 16:31:21.456" level="INFO">Opening url 'https://ecommerce.anhtester.com/login'</msg>
<status status="PASS" starttime="20220520 16:31:21.455" endtime="20220520 16:31:23.289"/>
</kw>
<kw name="Maximize Browser Window" library="Selenium2Library">
<doc>Maximizes current browser window.</doc>
<status status="PASS" starttime="20220520 16:31:23.289" endtime="20220520 16:31:23.446"/>
</kw>
<kw name="Verify Current URL" library="common">
<kw name="Get Location" library="Selenium2Library">
<var>${curURL}</var>
<doc>Returns the current browser window URL.</doc>
<msg timestamp="20220520 16:31:23.456" level="INFO">${curURL} = https://ecommerce.anhtester.com/login</msg>
<status status="PASS" starttime="20220520 16:31:23.448" endtime="20220520 16:31:23.456"/>
</kw>
<kw name="Log To Console" library="BuiltIn">
<arg>${curURL}</arg>
<doc>Logs the given message to the console.</doc>
<status status="PASS" starttime="20220520 16:31:23.456" endtime="20220520 16:31:23.457"/>
</kw>
<status status="PASS" starttime="20220520 16:31:23.447" endtime="20220520 16:31:23.458"/>
</kw>
<status status="PASS" starttime="20220520 16:31:17.027" endtime="20220520 16:31:23.458"/>
</kw>
<kw name="Test Login">
<arg>tienthanhxh2000@gmail.com</arg>
<arg>5987421abc</arg>
<kw name="Enter Email" library="LoginKW">
<arg>${emailInput}</arg>
<kw name="Input For Text" library="common">
<arg>${emailTxt}</arg>
<arg>${emailInput}</arg>
<kw name="Wait Until Element Is Visible" library="Selenium2Library">
<arg>${element}</arg>
<doc>Waits until the element ``locator`` is visible.</doc>
<status status="PASS" starttime="20220520 16:31:23.460" endtime="20220520 16:31:23.525"/>
</kw>
<kw name="Input Text" library="Selenium2Library">
<arg>${element}</arg>
<arg>${input}</arg>
<doc>Types the given ``text`` into the text field identified by ``locator``.</doc>
<msg timestamp="20220520 16:31:23.526" level="INFO">Typing text 'tienthanhxh2000@gmail.com' into text field 'xpath://input[@id='email']'.</msg>
<status status="PASS" starttime="20220520 16:31:23.525" endtime="20220520 16:31:23.773"/>
</kw>
<status status="PASS" starttime="20220520 16:31:23.460" endtime="20220520 16:31:23.774"/>
</kw>
<status status="PASS" starttime="20220520 16:31:23.459" endtime="20220520 16:31:23.774"/>
</kw>
<kw name="Enter Password" library="LoginKW">
<arg>${passwordInput}</arg>
<kw name="Input For Text" library="common">
<arg>${passwordTxt}</arg>
<arg>${passwordInput}</arg>
<kw name="Wait Until Element Is Visible" library="Selenium2Library">
<arg>${element}</arg>
<doc>Waits until the element ``locator`` is visible.</doc>
<status status="PASS" starttime="20220520 16:31:23.776" endtime="20220520 16:31:23.823"/>
</kw>
<kw name="Input Text" library="Selenium2Library">
<arg>${element}</arg>
<arg>${input}</arg>
<doc>Types the given ``text`` into the text field identified by ``locator``.</doc>
<msg timestamp="20220520 16:31:23.824" level="INFO">Typing text '5987421abc' into text field 'xpath://input[@id='password']'.</msg>
<status status="PASS" starttime="20220520 16:31:23.823" endtime="20220520 16:31:24.022"/>
</kw>
<status status="PASS" starttime="20220520 16:31:23.775" endtime="20220520 16:31:24.023"/>
</kw>
<status status="PASS" starttime="20220520 16:31:23.774" endtime="20220520 16:31:24.023"/>
</kw>
<kw name="Click On Button Login" library="LoginKW">
<kw name="Click For Element" library="common">
<arg>${loginBtn}</arg>
<kw name="Wait Until Element Is Visible" library="Selenium2Library">
<arg>${element}</arg>
<doc>Waits until the element ``locator`` is visible.</doc>
<status status="PASS" starttime="20220520 16:31:24.025" endtime="20220520 16:31:24.061"/>
</kw>
<kw name="Click Element" library="Selenium2Library">
<arg>${element}</arg>
<doc>Click the element identified by ``locator``.</doc>
<msg timestamp="20220520 16:31:24.062" level="INFO">Clicking element 'xpath://button[normalize-space()='Login']'.</msg>
<status status="PASS" starttime="20220520 16:31:24.061" endtime="20220520 16:31:26.874"/>
</kw>
<status status="PASS" starttime="20220520 16:31:24.024" endtime="20220520 16:31:26.875"/>
</kw>
<status status="PASS" starttime="20220520 16:31:24.023" endtime="20220520 16:31:26.876"/>
</kw>
<status status="PASS" starttime="20220520 16:31:23.458" endtime="20220520 16:31:26.876"/>
</kw>
<kw name="Close My Browser" library="common" type="TEARDOWN">
<kw name="Close All Browsers" library="Selenium2Library">
<doc>Closes all open browsers and resets the browser cache.</doc>
<status status="PASS" starttime="20220520 16:31:26.879" endtime="20220520 16:31:29.338"/>
</kw>
<status status="PASS" starttime="20220520 16:31:26.877" endtime="20220520 16:31:29.339"/>
</kw>
<status status="PASS" starttime="20220520 16:31:17.024" endtime="20220520 16:31:29.340"/>
</test>
<test id="s1-t3" name="Login" line="13">
<kw name="Open My Browser" library="common" type="SETUP">
<kw name="Evaluate" library="BuiltIn">
<var>${options}</var>
<arg>sys.modules['selenium.webdriver'].ChromeOptions()</arg>
<arg>sys, selenium.webdriver</arg>
<doc>Evaluates the given expression in Python and returns the result.</doc>
<msg timestamp="20220520 16:31:29.360" level="INFO">${options} = &lt;selenium.webdriver.chrome.options.Options object at 0x000001FC37661ED0&gt;</msg>
<status status="PASS" starttime="20220520 16:31:29.359" endtime="20220520 16:31:29.360"/>
</kw>
<kw name="Call Method" library="BuiltIn">
<arg>${options}</arg>
<arg>add_extension</arg>
<arg>D:\\Fsoft\\Robot Excercise\\Assignment_Web_AUT_Group2\\Assignment_Web_AUT_Group2\\PageObjects\\Common/../../Extension/ublock.crx</arg>
<doc>Calls the named method of the given object with the provided arguments.</doc>
<status status="PASS" starttime="20220520 16:31:29.361" endtime="20220520 16:31:29.362"/>
</kw>
<kw name="Create Webdriver" library="Selenium2Library">
<arg>Chrome</arg>
<arg>chrome_options=${options}</arg>
<doc>Creates an instance of Selenium WebDriver.</doc>
<msg timestamp="20220520 16:31:29.364" level="INFO">Creating an instance of the Chrome WebDriver.</msg>
<status status="PASS" starttime="20220520 16:31:29.363" endtime="20220520 16:31:33.694"/>
</kw>
<kw name="Go To" library="Selenium2Library">
<arg>${URL}</arg>
<doc>Navigates the current browser window to the provided ``url``.</doc>
<msg timestamp="20220520 16:31:33.695" level="INFO">Opening url 'https://ecommerce.anhtester.com/login'</msg>
<status status="PASS" starttime="20220520 16:31:33.694" endtime="20220520 16:31:35.523"/>
</kw>
<kw name="Maximize Browser Window" library="Selenium2Library">
<doc>Maximizes current browser window.</doc>
<status status="PASS" starttime="20220520 16:31:35.523" endtime="20220520 16:31:35.657"/>
</kw>
<kw name="Verify Current URL" library="common">
<kw name="Get Location" library="Selenium2Library">
<var>${curURL}</var>
<doc>Returns the current browser window URL.</doc>
<msg timestamp="20220520 16:31:35.670" level="INFO">${curURL} = https://ecommerce.anhtester.com/login</msg>
<status status="PASS" starttime="20220520 16:31:35.658" endtime="20220520 16:31:35.670"/>
</kw>
<kw name="Log To Console" library="BuiltIn">
<arg>${curURL}</arg>
<doc>Logs the given message to the console.</doc>
<status status="PASS" starttime="20220520 16:31:35.671" endtime="20220520 16:31:35.672"/>
</kw>
<status status="PASS" starttime="20220520 16:31:35.657" endtime="20220520 16:31:35.673"/>
</kw>
<status status="PASS" starttime="20220520 16:31:29.357" endtime="20220520 16:31:35.673"/>
</kw>
<kw name="Test Login">
<arg>0988960892</arg>
<arg>123456</arg>
<kw name="Enter Email" library="LoginKW">
<arg>${emailInput}</arg>
<kw name="Input For Text" library="common">
<arg>${emailTxt}</arg>
<arg>${emailInput}</arg>
<kw name="Wait Until Element Is Visible" library="Selenium2Library">
<arg>${element}</arg>
<doc>Waits until the element ``locator`` is visible.</doc>
<status status="PASS" starttime="20220520 16:31:35.677" endtime="20220520 16:31:35.748"/>
</kw>
<kw name="Input Text" library="Selenium2Library">
<arg>${element}</arg>
<arg>${input}</arg>
<doc>Types the given ``text`` into the text field identified by ``locator``.</doc>
<msg timestamp="20220520 16:31:35.749" level="INFO">Typing text '0988960892' into text field 'xpath://input[@id='email']'.</msg>
<status status="PASS" starttime="20220520 16:31:35.748" endtime="20220520 16:31:35.977"/>
</kw>
<status status="PASS" starttime="20220520 16:31:35.676" endtime="20220520 16:31:35.977"/>
</kw>
<status status="PASS" starttime="20220520 16:31:35.675" endtime="20220520 16:31:35.978"/>
</kw>
<kw name="Enter Password" library="LoginKW">
<arg>${passwordInput}</arg>
<kw name="Input For Text" library="common">
<arg>${passwordTxt}</arg>
<arg>${passwordInput}</arg>
<kw name="Wait Until Element Is Visible" library="Selenium2Library">
<arg>${element}</arg>
<doc>Waits until the element ``locator`` is visible.</doc>
<status status="PASS" starttime="20220520 16:31:35.981" endtime="20220520 16:31:36.031"/>
</kw>
<kw name="Input Text" library="Selenium2Library">
<arg>${element}</arg>
<arg>${input}</arg>
<doc>Types the given ``text`` into the text field identified by ``locator``.</doc>
<msg timestamp="20220520 16:31:36.032" level="INFO">Typing text '123456' into text field 'xpath://input[@id='password']'.</msg>
<status status="PASS" starttime="20220520 16:31:36.031" endtime="20220520 16:31:36.196"/>
</kw>
<status status="PASS" starttime="20220520 16:31:35.979" endtime="20220520 16:31:36.197"/>
</kw>
<status status="PASS" starttime="20220520 16:31:35.978" endtime="20220520 16:31:36.197"/>
</kw>
<kw name="Click On Button Login" library="LoginKW">
<kw name="Click For Element" library="common">
<arg>${loginBtn}</arg>
<kw name="Wait Until Element Is Visible" library="Selenium2Library">
<arg>${element}</arg>
<doc>Waits until the element ``locator`` is visible.</doc>
<status status="PASS" starttime="20220520 16:31:36.198" endtime="20220520 16:31:36.236"/>
</kw>
<kw name="Click Element" library="Selenium2Library">
<arg>${element}</arg>
<doc>Click the element identified by ``locator``.</doc>
<msg timestamp="20220520 16:31:36.237" level="INFO">Clicking element 'xpath://button[normalize-space()='Login']'.</msg>
<status status="PASS" starttime="20220520 16:31:36.236" endtime="20220520 16:31:36.410"/>
</kw>
<status status="PASS" starttime="20220520 16:31:36.198" endtime="20220520 16:31:36.411"/>
</kw>
<status status="PASS" starttime="20220520 16:31:36.197" endtime="20220520 16:31:36.411"/>
</kw>
<status status="PASS" starttime="20220520 16:31:35.674" endtime="20220520 16:31:36.411"/>
</kw>
<kw name="Close My Browser" library="common" type="TEARDOWN">
<kw name="Close All Browsers" library="Selenium2Library">
<doc>Closes all open browsers and resets the browser cache.</doc>
<status status="PASS" starttime="20220520 16:31:36.436" endtime="20220520 16:31:39.018"/>
</kw>
<status status="PASS" starttime="20220520 16:31:36.434" endtime="20220520 16:31:39.018"/>
</kw>
<status status="PASS" starttime="20220520 16:31:29.348" endtime="20220520 16:31:39.020"/>
</test>
<test id="s1-t4" name="Login" line="13">
<kw name="Open My Browser" library="common" type="SETUP">
<kw name="Evaluate" library="BuiltIn">
<var>${options}</var>
<arg>sys.modules['selenium.webdriver'].ChromeOptions()</arg>
<arg>sys, selenium.webdriver</arg>
<doc>Evaluates the given expression in Python and returns the result.</doc>
<msg timestamp="20220520 16:31:39.042" level="INFO">${options} = &lt;selenium.webdriver.chrome.options.Options object at 0x000001FC37662EF0&gt;</msg>
<status status="PASS" starttime="20220520 16:31:39.040" endtime="20220520 16:31:39.042"/>
</kw>
<kw name="Call Method" library="BuiltIn">
<arg>${options}</arg>
<arg>add_extension</arg>
<arg>D:\\Fsoft\\Robot Excercise\\Assignment_Web_AUT_Group2\\Assignment_Web_AUT_Group2\\PageObjects\\Common/../../Extension/ublock.crx</arg>
<doc>Calls the named method of the given object with the provided arguments.</doc>
<status status="PASS" starttime="20220520 16:31:39.043" endtime="20220520 16:31:39.044"/>
</kw>
<kw name="Create Webdriver" library="Selenium2Library">
<arg>Chrome</arg>
<arg>chrome_options=${options}</arg>
<doc>Creates an instance of Selenium WebDriver.</doc>
<msg timestamp="20220520 16:31:39.046" level="INFO">Creating an instance of the Chrome WebDriver.</msg>
<status status="PASS" starttime="20220520 16:31:39.045" endtime="20220520 16:31:43.488"/>
</kw>
<kw name="Go To" library="Selenium2Library">
<arg>${URL}</arg>
<doc>Navigates the current browser window to the provided ``url``.</doc>
<msg timestamp="20220520 16:31:43.490" level="INFO">Opening url 'https://ecommerce.anhtester.com/login'</msg>
<status status="PASS" starttime="20220520 16:31:43.489" endtime="20220520 16:31:45.304"/>
</kw>
<kw name="Maximize Browser Window" library="Selenium2Library">
<doc>Maximizes current browser window.</doc>
<status status="PASS" starttime="20220520 16:31:45.304" endtime="20220520 16:31:45.425"/>
</kw>
<kw name="Verify Current URL" library="common">
<kw name="Get Location" library="Selenium2Library">
<var>${curURL}</var>
<doc>Returns the current browser window URL.</doc>
<msg timestamp="20220520 16:31:45.434" level="INFO">${curURL} = https://ecommerce.anhtester.com/login</msg>
<status status="PASS" starttime="20220520 16:31:45.426" endtime="20220520 16:31:45.435"/>
</kw>
<kw name="Log To Console" library="BuiltIn">
<arg>${curURL}</arg>
<doc>Logs the given message to the console.</doc>
<status status="PASS" starttime="20220520 16:31:45.435" endtime="20220520 16:31:45.437"/>
</kw>
<status status="PASS" starttime="20220520 16:31:45.425" endtime="20220520 16:31:45.437"/>
</kw>
<status status="PASS" starttime="20220520 16:31:39.038" endtime="20220520 16:31:45.438"/>
</kw>
<kw name="Test Login">
<arg>admin01@gmail.com</arg>
<arg>5987421abc</arg>
<kw name="Enter Email" library="LoginKW">
<arg>${emailInput}</arg>
<kw name="Input For Text" library="common">
<arg>${emailTxt}</arg>
<arg>${emailInput}</arg>
<kw name="Wait Until Element Is Visible" library="Selenium2Library">
<arg>${element}</arg>
<doc>Waits until the element ``locator`` is visible.</doc>
<status status="PASS" starttime="20220520 16:31:45.443" endtime="20220520 16:31:45.495"/>
</kw>
<kw name="Input Text" library="Selenium2Library">
<arg>${element}</arg>
<arg>${input}</arg>
<doc>Types the given ``text`` into the text field identified by ``locator``.</doc>
<msg timestamp="20220520 16:31:45.496" level="INFO">Typing text 'admin01@gmail.com' into text field 'xpath://input[@id='email']'.</msg>
<status status="PASS" starttime="20220520 16:31:45.495" endtime="20220520 16:31:45.690"/>
</kw>
<status status="PASS" starttime="20220520 16:31:45.442" endtime="20220520 16:31:45.691"/>
</kw>
<status status="PASS" starttime="20220520 16:31:45.441" endtime="20220520 16:31:45.691"/>
</kw>
<kw name="Enter Password" library="LoginKW">
<arg>${passwordInput}</arg>
<kw name="Input For Text" library="common">
<arg>${passwordTxt}</arg>
<arg>${passwordInput}</arg>
<kw name="Wait Until Element Is Visible" library="Selenium2Library">
<arg>${element}</arg>
<doc>Waits until the element ``locator`` is visible.</doc>
<status status="PASS" starttime="20220520 16:31:45.694" endtime="20220520 16:31:45.741"/>
</kw>
<kw name="Input Text" library="Selenium2Library">
<arg>${element}</arg>
<arg>${input}</arg>
<doc>Types the given ``text`` into the text field identified by ``locator``.</doc>
<msg timestamp="20220520 16:31:45.743" level="INFO">Typing text '5987421abc' into text field 'xpath://input[@id='password']'.</msg>
<status status="PASS" starttime="20220520 16:31:45.742" endtime="20220520 16:31:45.890"/>
</kw>
<status status="PASS" starttime="20220520 16:31:45.693" endtime="20220520 16:31:45.891"/>
</kw>
<status status="PASS" starttime="20220520 16:31:45.691" endtime="20220520 16:31:45.891"/>
</kw>
<kw name="Click On Button Login" library="LoginKW">
<kw name="Click For Element" library="common">
<arg>${loginBtn}</arg>
<kw name="Wait Until Element Is Visible" library="Selenium2Library">
<arg>${element}</arg>
<doc>Waits until the element ``locator`` is visible.</doc>
<status status="PASS" starttime="20220520 16:31:45.893" endtime="20220520 16:31:45.928"/>
</kw>
<kw name="Click Element" library="Selenium2Library">
<arg>${element}</arg>
<doc>Click the element identified by ``locator``.</doc>
<msg timestamp="20220520 16:31:45.930" level="INFO">Clicking element 'xpath://button[normalize-space()='Login']'.</msg>
<status status="PASS" starttime="20220520 16:31:45.929" endtime="20220520 16:31:48.381"/>
</kw>
<status status="PASS" starttime="20220520 16:31:45.892" endtime="20220520 16:31:48.382"/>
</kw>
<status status="PASS" starttime="20220520 16:31:45.891" endtime="20220520 16:31:48.382"/>
</kw>
<status status="PASS" starttime="20220520 16:31:45.440" endtime="20220520 16:31:48.382"/>
</kw>
<kw name="Close My Browser" library="common" type="TEARDOWN">
<kw name="Close All Browsers" library="Selenium2Library">
<doc>Closes all open browsers and resets the browser cache.</doc>
<status status="PASS" starttime="20220520 16:31:48.384" endtime="20220520 16:31:50.848"/>
</kw>
<status status="PASS" starttime="20220520 16:31:48.383" endtime="20220520 16:31:50.849"/>
</kw>
<status status="PASS" starttime="20220520 16:31:39.028" endtime="20220520 16:31:50.850"/>
</test>
<test id="s1-t5" name="Login" line="13">
<kw name="Open My Browser" library="common" type="SETUP">
<kw name="Evaluate" library="BuiltIn">
<var>${options}</var>
<arg>sys.modules['selenium.webdriver'].ChromeOptions()</arg>
<arg>sys, selenium.webdriver</arg>
<doc>Evaluates the given expression in Python and returns the result.</doc>
<msg timestamp="20220520 16:31:50.874" level="INFO">${options} = &lt;selenium.webdriver.chrome.options.Options object at 0x000001FC37662A10&gt;</msg>
<status status="PASS" starttime="20220520 16:31:50.872" endtime="20220520 16:31:50.874"/>
</kw>
<kw name="Call Method" library="BuiltIn">
<arg>${options}</arg>
<arg>add_extension</arg>
<arg>D:\\Fsoft\\Robot Excercise\\Assignment_Web_AUT_Group2\\Assignment_Web_AUT_Group2\\PageObjects\\Common/../../Extension/ublock.crx</arg>
<doc>Calls the named method of the given object with the provided arguments.</doc>
<status status="PASS" starttime="20220520 16:31:50.875" endtime="20220520 16:31:50.877"/>
</kw>
<kw name="Create Webdriver" library="Selenium2Library">
<arg>Chrome</arg>
<arg>chrome_options=${options}</arg>
<doc>Creates an instance of Selenium WebDriver.</doc>
<msg timestamp="20220520 16:31:50.880" level="INFO">Creating an instance of the Chrome WebDriver.</msg>
<status status="PASS" starttime="20220520 16:31:50.878" endtime="20220520 16:31:55.489"/>
</kw>
<kw name="Go To" library="Selenium2Library">
<arg>${URL}</arg>
<doc>Navigates the current browser window to the provided ``url``.</doc>
<msg timestamp="20220520 16:31:55.491" level="INFO">Opening url 'https://ecommerce.anhtester.com/login'</msg>
<status status="PASS" starttime="20220520 16:31:55.490" endtime="20220520 16:31:56.989"/>
</kw>
<kw name="Maximize Browser Window" library="Selenium2Library">
<doc>Maximizes current browser window.</doc>
<status status="PASS" starttime="20220520 16:31:56.989" endtime="20220520 16:31:57.130"/>
</kw>
<kw name="Verify Current URL" library="common">
<kw name="Get Location" library="Selenium2Library">
<var>${curURL}</var>
<doc>Returns the current browser window URL.</doc>
<msg timestamp="20220520 16:31:57.144" level="INFO">${curURL} = https://ecommerce.anhtester.com/login</msg>
<status status="PASS" starttime="20220520 16:31:57.131" endtime="20220520 16:31:57.144"/>
</kw>
<kw name="Log To Console" library="BuiltIn">
<arg>${curURL}</arg>
<doc>Logs the given message to the console.</doc>
<status status="PASS" starttime="20220520 16:31:57.144" endtime="20220520 16:31:57.145"/>
</kw>
<status status="PASS" starttime="20220520 16:31:57.130" endtime="20220520 16:31:57.146"/>
</kw>
<status status="PASS" starttime="20220520 16:31:50.869" endtime="20220520 16:31:57.146"/>
</kw>
<kw name="Test Login">
<arg>${EMPTY}</arg>
<arg>123456</arg>
<kw name="Enter Email" library="LoginKW">
<arg>${emailInput}</arg>
<kw name="Input For Text" library="common">
<arg>${emailTxt}</arg>
<arg>${emailInput}</arg>
<kw name="Wait Until Element Is Visible" library="Selenium2Library">
<arg>${element}</arg>
<doc>Waits until the element ``locator`` is visible.</doc>
<status status="PASS" starttime="20220520 16:31:57.149" endtime="20220520 16:31:57.198"/>
</kw>
<kw name="Input Text" library="Selenium2Library">
<arg>${element}</arg>
<arg>${input}</arg>
<doc>Types the given ``text`` into the text field identified by ``locator``.</doc>
<msg timestamp="20220520 16:31:57.199" level="INFO">Typing text '' into text field 'xpath://input[@id='email']'.</msg>
<status status="PASS" starttime="20220520 16:31:57.198" endtime="20220520 16:31:57.344"/>
</kw>
<status status="PASS" starttime="20220520 16:31:57.149" endtime="20220520 16:31:57.344"/>
</kw>
<status status="PASS" starttime="20220520 16:31:57.148" endtime="20220520 16:31:57.345"/>
</kw>
<kw name="Enter Password" library="LoginKW">
<arg>${passwordInput}</arg>
<kw name="Input For Text" library="common">
<arg>${passwordTxt}</arg>
<arg>${passwordInput}</arg>
<kw name="Wait Until Element Is Visible" library="Selenium2Library">
<arg>${element}</arg>
<doc>Waits until the element ``locator`` is visible.</doc>
<status status="PASS" starttime="20220520 16:31:57.348" endtime="20220520 16:31:57.421"/>
</kw>
<kw name="Input Text" library="Selenium2Library">
<arg>${element}</arg>
<arg>${input}</arg>
<doc>Types the given ``text`` into the text field identified by ``locator``.</doc>
<msg timestamp="20220520 16:31:57.422" level="INFO">Typing text '123456' into text field 'xpath://input[@id='password']'.</msg>
<status status="PASS" starttime="20220520 16:31:57.421" endtime="20220520 16:31:57.595"/>
</kw>
<status status="PASS" starttime="20220520 16:31:57.346" endtime="20220520 16:31:57.596"/>
</kw>
<status status="PASS" starttime="20220520 16:31:57.345" endtime="20220520 16:31:57.596"/>
</kw>
<kw name="Click On Button Login" library="LoginKW">
<kw name="Click For Element" library="common">
<arg>${loginBtn}</arg>
<kw name="Wait Until Element Is Visible" library="Selenium2Library">
<arg>${element}</arg>
<doc>Waits until the element ``locator`` is visible.</doc>
<status status="PASS" starttime="20220520 16:31:57.599" endtime="20220520 16:31:57.646"/>
</kw>
<kw name="Click Element" library="Selenium2Library">
<arg>${element}</arg>
<doc>Click the element identified by ``locator``.</doc>
<msg timestamp="20220520 16:31:57.647" level="INFO">Clicking element 'xpath://button[normalize-space()='Login']'.</msg>
<status status="PASS" starttime="20220520 16:31:57.646" endtime="20220520 16:31:57.786"/>
</kw>
<status status="PASS" starttime="20220520 16:31:57.597" endtime="20220520 16:31:57.787"/>
</kw>
<status status="PASS" starttime="20220520 16:31:57.596" endtime="20220520 16:31:57.787"/>
</kw>
<status status="PASS" starttime="20220520 16:31:57.147" endtime="20220520 16:31:57.788"/>
</kw>
<kw name="Close My Browser" library="common" type="TEARDOWN">
<kw name="Close All Browsers" library="Selenium2Library">
<doc>Closes all open browsers and resets the browser cache.</doc>
<status status="PASS" starttime="20220520 16:31:57.799" endtime="20220520 16:32:00.310"/>
</kw>
<status status="PASS" starttime="20220520 16:31:57.798" endtime="20220520 16:32:00.311"/>
</kw>
<status status="PASS" starttime="20220520 16:31:50.859" endtime="20220520 16:32:00.312"/>
</test>
<test id="s1-t6" name="Login" line="13">
<kw name="Open My Browser" library="common" type="SETUP">
<kw name="Evaluate" library="BuiltIn">
<var>${options}</var>
<arg>sys.modules['selenium.webdriver'].ChromeOptions()</arg>
<arg>sys, selenium.webdriver</arg>
<doc>Evaluates the given expression in Python and returns the result.</doc>
<msg timestamp="20220520 16:32:00.332" level="INFO">${options} = &lt;selenium.webdriver.chrome.options.Options object at 0x000001FC37660FA0&gt;</msg>
<status status="PASS" starttime="20220520 16:32:00.330" endtime="20220520 16:32:00.332"/>
</kw>
<kw name="Call Method" library="BuiltIn">
<arg>${options}</arg>
<arg>add_extension</arg>
<arg>D:\\Fsoft\\Robot Excercise\\Assignment_Web_AUT_Group2\\Assignment_Web_AUT_Group2\\PageObjects\\Common/../../Extension/ublock.crx</arg>
<doc>Calls the named method of the given object with the provided arguments.</doc>
<status status="PASS" starttime="20220520 16:32:00.332" endtime="20220520 16:32:00.334"/>
</kw>
<kw name="Create Webdriver" library="Selenium2Library">
<arg>Chrome</arg>
<arg>chrome_options=${options}</arg>
<doc>Creates an instance of Selenium WebDriver.</doc>
<msg timestamp="20220520 16:32:00.336" level="INFO">Creating an instance of the Chrome WebDriver.</msg>
<status status="PASS" starttime="20220520 16:32:00.335" endtime="20220520 16:32:04.746"/>
</kw>
<kw name="Go To" library="Selenium2Library">
<arg>${URL}</arg>
<doc>Navigates the current browser window to the provided ``url``.</doc>
<msg timestamp="20220520 16:32:04.747" level="INFO">Opening url 'https://ecommerce.anhtester.com/login'</msg>
<status status="PASS" starttime="20220520 16:32:04.747" endtime="20220520 16:32:07.656"/>
</kw>
<kw name="Maximize Browser Window" library="Selenium2Library">
<doc>Maximizes current browser window.</doc>
<status status="PASS" starttime="20220520 16:32:07.657" endtime="20220520 16:32:07.788"/>
</kw>
<kw name="Verify Current URL" library="common">
<kw name="Get Location" library="Selenium2Library">
<var>${curURL}</var>
<doc>Returns the current browser window URL.</doc>
<msg timestamp="20220520 16:32:07.800" level="INFO">${curURL} = https://ecommerce.anhtester.com/login</msg>
<status status="PASS" starttime="20220520 16:32:07.790" endtime="20220520 16:32:07.800"/>
</kw>
<kw name="Log To Console" library="BuiltIn">
<arg>${curURL}</arg>
<doc>Logs the given message to the console.</doc>
<status status="PASS" starttime="20220520 16:32:07.801" endtime="20220520 16:32:07.802"/>
</kw>
<status status="PASS" starttime="20220520 16:32:07.788" endtime="20220520 16:32:07.802"/>
</kw>
<status status="PASS" starttime="20220520 16:32:00.329" endtime="20220520 16:32:07.803"/>
</kw>
<kw name="Test Login">
<arg>tienthanhxh2000@gmail.com</arg>
<arg>${EMPTY}</arg>
<kw name="Enter Email" library="LoginKW">
<arg>${emailInput}</arg>
<kw name="Input For Text" library="common">
<arg>${emailTxt}</arg>
<arg>${emailInput}</arg>
<kw name="Wait Until Element Is Visible" library="Selenium2Library">
<arg>${element}</arg>
<doc>Waits until the element ``locator`` is visible.</doc>
<status status="PASS" starttime="20220520 16:32:07.811" endtime="20220520 16:32:07.866"/>
</kw>
<kw name="Input Text" library="Selenium2Library">
<arg>${element}</arg>
<arg>${input}</arg>
<doc>Types the given ``text`` into the text field identified by ``locator``.</doc>
<msg timestamp="20220520 16:32:07.867" level="INFO">Typing text 'tienthanhxh2000@gmail.com' into text field 'xpath://input[@id='email']'.</msg>
<status status="PASS" starttime="20220520 16:32:07.866" endtime="20220520 16:32:08.094"/>
</kw>
<status status="PASS" starttime="20220520 16:32:07.809" endtime="20220520 16:32:08.095"/>
</kw>
<status status="PASS" starttime="20220520 16:32:07.807" endtime="20220520 16:32:08.095"/>
</kw>
<kw name="Enter Password" library="LoginKW">
<arg>${passwordInput}</arg>
<kw name="Input For Text" library="common">
<arg>${passwordTxt}</arg>
<arg>${passwordInput}</arg>
<kw name="Wait Until Element Is Visible" library="Selenium2Library">
<arg>${element}</arg>
<doc>Waits until the element ``locator`` is visible.</doc>
<status status="PASS" starttime="20220520 16:32:08.098" endtime="20220520 16:32:08.144"/>
</kw>
<kw name="Input Text" library="Selenium2Library">
<arg>${element}</arg>
<arg>${input}</arg>
<doc>Types the given ``text`` into the text field identified by ``locator``.</doc>
<msg timestamp="20220520 16:32:08.146" level="INFO">Typing text '' into text field 'xpath://input[@id='password']'.</msg>
<status status="PASS" starttime="20220520 16:32:08.145" endtime="20220520 16:32:08.290"/>
</kw>
<status status="PASS" starttime="20220520 16:32:08.097" endtime="20220520 16:32:08.291"/>
</kw>
<status status="PASS" starttime="20220520 16:32:08.095" endtime="20220520 16:32:08.291"/>
</kw>
<kw name="Click On Button Login" library="LoginKW">
<kw name="Click For Element" library="common">
<arg>${loginBtn}</arg>
<kw name="Wait Until Element Is Visible" library="Selenium2Library">
<arg>${element}</arg>
<doc>Waits until the element ``locator`` is visible.</doc>
<status status="PASS" starttime="20220520 16:32:08.292" endtime="20220520 16:32:08.341"/>
</kw>
<kw name="Click Element" library="Selenium2Library">
<arg>${element}</arg>
<doc>Click the element identified by ``locator``.</doc>
<msg timestamp="20220520 16:32:08.342" level="INFO">Clicking element 'xpath://button[normalize-space()='Login']'.</msg>
<status status="PASS" starttime="20220520 16:32:08.341" endtime="20220520 16:32:08.484"/>
</kw>
<status status="PASS" starttime="20220520 16:32:08.292" endtime="20220520 16:32:08.484"/>
</kw>
<status status="PASS" starttime="20220520 16:32:08.291" endtime="20220520 16:32:08.485"/>
</kw>
<status status="PASS" starttime="20220520 16:32:07.804" endtime="20220520 16:32:08.485"/>
</kw>
<kw name="Close My Browser" library="common" type="TEARDOWN">
<kw name="Close All Browsers" library="Selenium2Library">
<doc>Closes all open browsers and resets the browser cache.</doc>
<status status="PASS" starttime="20220520 16:32:08.491" endtime="20220520 16:32:10.997"/>
</kw>
<status status="PASS" starttime="20220520 16:32:08.489" endtime="20220520 16:32:10.998"/>
</kw>
<status status="PASS" starttime="20220520 16:32:00.321" endtime="20220520 16:32:10.999"/>
</test>
<test id="s1-t7" name="Login" line="13">
<kw name="Open My Browser" library="common" type="SETUP">
<kw name="Evaluate" library="BuiltIn">
<var>${options}</var>
<arg>sys.modules['selenium.webdriver'].ChromeOptions()</arg>
<arg>sys, selenium.webdriver</arg>
<doc>Evaluates the given expression in Python and returns the result.</doc>
<msg timestamp="20220520 16:32:11.018" level="INFO">${options} = &lt;selenium.webdriver.chrome.options.Options object at 0x000001FC376600A0&gt;</msg>
<status status="PASS" starttime="20220520 16:32:11.017" endtime="20220520 16:32:11.018"/>
</kw>
<kw name="Call Method" library="BuiltIn">
<arg>${options}</arg>
<arg>add_extension</arg>
<arg>D:\\Fsoft\\Robot Excercise\\Assignment_Web_AUT_Group2\\Assignment_Web_AUT_Group2\\PageObjects\\Common/../../Extension/ublock.crx</arg>
<doc>Calls the named method of the given object with the provided arguments.</doc>
<status status="PASS" starttime="20220520 16:32:11.019" endtime="20220520 16:32:11.020"/>
</kw>
<kw name="Create Webdriver" library="Selenium2Library">
<arg>Chrome</arg>
<arg>chrome_options=${options}</arg>
<doc>Creates an instance of Selenium WebDriver.</doc>
<msg timestamp="20220520 16:32:11.023" level="INFO">Creating an instance of the Chrome WebDriver.</msg>
<status status="PASS" starttime="20220520 16:32:11.021" endtime="20220520 16:32:15.443"/>
</kw>
<kw name="Go To" library="Selenium2Library">
<arg>${URL}</arg>
<doc>Navigates the current browser window to the provided ``url``.</doc>
<msg timestamp="20220520 16:32:15.444" level="INFO">Opening url 'https://ecommerce.anhtester.com/login'</msg>
<status status="PASS" starttime="20220520 16:32:15.443" endtime="20220520 16:32:17.105"/>
</kw>
<kw name="Maximize Browser Window" library="Selenium2Library">
<doc>Maximizes current browser window.</doc>
<status status="PASS" starttime="20220520 16:32:17.106" endtime="20220520 16:32:17.237"/>
</kw>
<kw name="Verify Current URL" library="common">
<kw name="Get Location" library="Selenium2Library">
<var>${curURL}</var>
<doc>Returns the current browser window URL.</doc>
<msg timestamp="20220520 16:32:17.246" level="INFO">${curURL} = https://ecommerce.anhtester.com/login</msg>
<status status="PASS" starttime="20220520 16:32:17.238" endtime="20220520 16:32:17.246"/>
</kw>
<kw name="Log To Console" library="BuiltIn">
<arg>${curURL}</arg>
<doc>Logs the given message to the console.</doc>
<status status="PASS" starttime="20220520 16:32:17.247" endtime="20220520 16:32:17.251"/>
</kw>
<status status="PASS" starttime="20220520 16:32:17.237" endtime="20220520 16:32:17.252"/>
</kw>
<status status="PASS" starttime="20220520 16:32:11.015" endtime="20220520 16:32:17.252"/>
</kw>
<kw name="Test Login">
<arg>${EMPTY}</arg>
<arg>${EMPTY}</arg>
<kw name="Enter Email" library="LoginKW">
<arg>${emailInput}</arg>
<kw name="Input For Text" library="common">
<arg>${emailTxt}</arg>
<arg>${emailInput}</arg>
<kw name="Wait Until Element Is Visible" library="Selenium2Library">
<arg>${element}</arg>
<doc>Waits until the element ``locator`` is visible.</doc>
<status status="PASS" starttime="20220520 16:32:17.260" endtime="20220520 16:32:17.345"/>
</kw>
<kw name="Input Text" library="Selenium2Library">
<arg>${element}</arg>
<arg>${input}</arg>
<doc>Types the given ``text`` into the text field identified by ``locator``.</doc>
<msg timestamp="20220520 16:32:17.346" level="INFO">Typing text '' into text field 'xpath://input[@id='email']'.</msg>
<status status="PASS" starttime="20220520 16:32:17.345" endtime="20220520 16:32:17.492"/>
</kw>
<status status="PASS" starttime="20220520 16:32:17.259" endtime="20220520 16:32:17.493"/>
</kw>
<status status="PASS" starttime="20220520 16:32:17.257" endtime="20220520 16:32:17.493"/>
</kw>
<kw name="Enter Password" library="LoginKW">
<arg>${passwordInput}</arg>
<kw name="Input For Text" library="common">
<arg>${passwordTxt}</arg>
<arg>${passwordInput}</arg>
<kw name="Wait Until Element Is Visible" library="Selenium2Library">
<arg>${element}</arg>
<doc>Waits until the element ``locator`` is visible.</doc>
<status status="PASS" starttime="20220520 16:32:17.496" endtime="20220520 16:32:17.539"/>
</kw>
<kw name="Input Text" library="Selenium2Library">
<arg>${element}</arg>
<arg>${input}</arg>
<doc>Types the given ``text`` into the text field identified by ``locator``.</doc>
<msg timestamp="20220520 16:32:17.540" level="INFO">Typing text '' into text field 'xpath://input[@id='password']'.</msg>
<status status="PASS" starttime="20220520 16:32:17.539" endtime="20220520 16:32:17.677"/>
</kw>
<status status="PASS" starttime="20220520 16:32:17.495" endtime="20220520 16:32:17.677"/>
</kw>
<status status="PASS" starttime="20220520 16:32:17.493" endtime="20220520 16:32:17.678"/>
</kw>
<kw name="Click On Button Login" library="LoginKW">
<kw name="Click For Element" library="common">
<arg>${loginBtn}</arg>
<kw name="Wait Until Element Is Visible" library="Selenium2Library">
<arg>${element}</arg>
<doc>Waits until the element ``locator`` is visible.</doc>
<status status="PASS" starttime="20220520 16:32:17.680" endtime="20220520 16:32:17.719"/>
</kw>
<kw name="Click Element" library="Selenium2Library">
<arg>${element}</arg>
<doc>Click the element identified by ``locator``.</doc>
<msg timestamp="20220520 16:32:17.720" level="INFO">Clicking element 'xpath://button[normalize-space()='Login']'.</msg>
<status status="PASS" starttime="20220520 16:32:17.720" endtime="20220520 16:32:17.861"/>
</kw>
<status status="PASS" starttime="20220520 16:32:17.679" endtime="20220520 16:32:17.862"/>
</kw>
<status status="PASS" starttime="20220520 16:32:17.678" endtime="20220520 16:32:17.862"/>
</kw>
<status status="PASS" starttime="20220520 16:32:17.253" endtime="20220520 16:32:17.863"/>
</kw>
<kw name="Close My Browser" library="common" type="TEARDOWN">
<kw name="Close All Browsers" library="Selenium2Library">
<doc>Closes all open browsers and resets the browser cache.</doc>
<status status="PASS" starttime="20220520 16:32:17.868" endtime="20220520 16:32:20.355"/>
</kw>
<status status="PASS" starttime="20220520 16:32:17.867" endtime="20220520 16:32:20.356"/>
</kw>
<status status="PASS" starttime="20220520 16:32:11.008" endtime="20220520 16:32:20.357"/>
</test>
<test id="s1-t8" name="Login" line="13">
<kw name="Open My Browser" library="common" type="SETUP">
<kw name="Evaluate" library="BuiltIn">
<var>${options}</var>
<arg>sys.modules['selenium.webdriver'].ChromeOptions()</arg>
<arg>sys, selenium.webdriver</arg>
<doc>Evaluates the given expression in Python and returns the result.</doc>
<msg timestamp="20220520 16:32:20.376" level="INFO">${options} = &lt;selenium.webdriver.chrome.options.Options object at 0x000001FC376874C0&gt;</msg>
<status status="PASS" starttime="20220520 16:32:20.375" endtime="20220520 16:32:20.376"/>
</kw>
<kw name="Call Method" library="BuiltIn">
<arg>${options}</arg>
<arg>add_extension</arg>
<arg>D:\\Fsoft\\Robot Excercise\\Assignment_Web_AUT_Group2\\Assignment_Web_AUT_Group2\\PageObjects\\Common/../../Extension/ublock.crx</arg>
<doc>Calls the named method of the given object with the provided arguments.</doc>
<status status="PASS" starttime="20220520 16:32:20.377" endtime="20220520 16:32:20.378"/>
</kw>
<kw name="Create Webdriver" library="Selenium2Library">
<arg>Chrome</arg>
<arg>chrome_options=${options}</arg>
<doc>Creates an instance of Selenium WebDriver.</doc>
<msg timestamp="20220520 16:32:20.381" level="INFO">Creating an instance of the Chrome WebDriver.</msg>
<status status="PASS" starttime="20220520 16:32:20.379" endtime="20220520 16:32:24.729"/>
</kw>
<kw name="Go To" library="Selenium2Library">
<arg>${URL}</arg>
<doc>Navigates the current browser window to the provided ``url``.</doc>
<msg timestamp="20220520 16:32:24.730" level="INFO">Opening url 'https://ecommerce.anhtester.com/login'</msg>
<status status="PASS" starttime="20220520 16:32:24.729" endtime="20220520 16:32:26.354"/>
</kw>
<kw name="Maximize Browser Window" library="Selenium2Library">
<doc>Maximizes current browser window.</doc>
<status status="PASS" starttime="20220520 16:32:26.354" endtime="20220520 16:32:26.488"/>
</kw>
<kw name="Verify Current URL" library="common">
<kw name="Get Location" library="Selenium2Library">
<var>${curURL}</var>
<doc>Returns the current browser window URL.</doc>
<msg timestamp="20220520 16:32:26.499" level="INFO">${curURL} = https://ecommerce.anhtester.com/login</msg>
<status status="PASS" starttime="20220520 16:32:26.489" endtime="20220520 16:32:26.499"/>
</kw>
<kw name="Log To Console" library="BuiltIn">
<arg>${curURL}</arg>
<doc>Logs the given message to the console.</doc>
<status status="PASS" starttime="20220520 16:32:26.500" endtime="20220520 16:32:26.500"/>
</kw>
<status status="PASS" starttime="20220520 16:32:26.488" endtime="20220520 16:32:26.501"/>
</kw>
<status status="PASS" starttime="20220520 16:32:20.373" endtime="20220520 16:32:26.501"/>
</kw>
<kw name="Test Login">
<arg>ssdhsidhsdhsipdhaipdhaidháidhaiodhaoidhaoidhióhdoahdioadhoiahđoahoadhoiahdiod@gmail.com</arg>
<arg>${EMPTY}</arg>
<kw name="Enter Email" library="LoginKW">
<arg>${emailInput}</arg>
<kw name="Input For Text" library="common">
<arg>${emailTxt}</arg>
<arg>${emailInput}</arg>
<kw name="Wait Until Element Is Visible" library="Selenium2Library">
<arg>${element}</arg>
<doc>Waits until the element ``locator`` is visible.</doc>
<status status="PASS" starttime="20220520 16:32:26.504" endtime="20220520 16:32:26.563"/>
</kw>
<kw name="Input Text" library="Selenium2Library">
<arg>${element}</arg>
<arg>${input}</arg>
<doc>Types the given ``text`` into the text field identified by ``locator``.</doc>
<msg timestamp="20220520 16:32:26.564" level="INFO">Typing text 'ssdhsidhsdhsipdhaipdhaidháidhaiodhaoidhaoidhióhdoahdioadhoiahđoahoadhoiahdiod@gmail.com' into text field 'xpath://input[@id='email']'.</msg>
<status status="PASS" starttime="20220520 16:32:26.563" endtime="20220520 16:32:27.020"/>
</kw>
<status status="PASS" starttime="20220520 16:32:26.504" endtime="20220520 16:32:27.021"/>
</kw>
<status status="PASS" starttime="20220520 16:32:26.503" endtime="20220520 16:32:27.021"/>
</kw>
<kw name="Enter Password" library="LoginKW">
<arg>${passwordInput}</arg>
<kw name="Input For Text" library="common">
<arg>${passwordTxt}</arg>
<arg>${passwordInput}</arg>
<kw name="Wait Until Element Is Visible" library="Selenium2Library">
<arg>${element}</arg>
<doc>Waits until the element ``locator`` is visible.</doc>
<status status="PASS" starttime="20220520 16:32:27.024" endtime="20220520 16:32:27.077"/>
</kw>
<kw name="Input Text" library="Selenium2Library">
<arg>${element}</arg>
<arg>${input}</arg>
<doc>Types the given ``text`` into the text field identified by ``locator``.</doc>
<msg timestamp="20220520 16:32:27.079" level="INFO">Typing text '' into text field 'xpath://input[@id='password']'.</msg>
<status status="PASS" starttime="20220520 16:32:27.078" endtime="20220520 16:32:27.208"/>
</kw>
<status status="PASS" starttime="20220520 16:32:27.022" endtime="20220520 16:32:27.208"/>
</kw>
<status status="PASS" starttime="20220520 16:32:27.021" endtime="20220520 16:32:27.208"/>
</kw>
<kw name="Click On Button Login" library="LoginKW">
<kw name="Click For Element" library="common">
<arg>${loginBtn}</arg>
<kw name="Wait Until Element Is Visible" library="Selenium2Library">
<arg>${element}</arg>
<doc>Waits until the element ``locator`` is visible.</doc>
<status status="PASS" starttime="20220520 16:32:27.211" endtime="20220520 16:32:27.258"/>
</kw>
<kw name="Click Element" library="Selenium2Library">
<arg>${element}</arg>
<doc>Click the element identified by ``locator``.</doc>
<msg timestamp="20220520 16:32:27.259" level="INFO">Clicking element 'xpath://button[normalize-space()='Login']'.</msg>
<status status="PASS" starttime="20220520 16:32:27.258" endtime="20220520 16:32:27.406"/>
</kw>
<status status="PASS" starttime="20220520 16:32:27.210" endtime="20220520 16:32:27.407"/>
</kw>
<status status="PASS" starttime="20220520 16:32:27.209" endtime="20220520 16:32:27.407"/>
</kw>
<status status="PASS" starttime="20220520 16:32:26.502" endtime="20220520 16:32:27.407"/>
</kw>
<kw name="Close My Browser" library="common" type="TEARDOWN">
<kw name="Close All Browsers" library="Selenium2Library">
<doc>Closes all open browsers and resets the browser cache.</doc>
<status status="PASS" starttime="20220520 16:32:27.425" endtime="20220520 16:32:29.958"/>
</kw>
<status status="PASS" starttime="20220520 16:32:27.423" endtime="20220520 16:32:29.959"/>
</kw>
<status status="PASS" starttime="20220520 16:32:20.364" endtime="20220520 16:32:29.961"/>
</test>
<test id="s1-t9" name="Login" line="13">
<kw name="Open My Browser" library="common" type="SETUP">
<kw name="Evaluate" library="BuiltIn">
<var>${options}</var>
<arg>sys.modules['selenium.webdriver'].ChromeOptions()</arg>
<arg>sys, selenium.webdriver</arg>
<doc>Evaluates the given expression in Python and returns the result.</doc>
<msg timestamp="20220520 16:32:29.984" level="INFO">${options} = &lt;selenium.webdriver.chrome.options.Options object at 0x000001FC37685090&gt;</msg>
<status status="PASS" starttime="20220520 16:32:29.982" endtime="20220520 16:32:29.984"/>
</kw>
<kw name="Call Method" library="BuiltIn">
<arg>${options}</arg>
<arg>add_extension</arg>
<arg>D:\\Fsoft\\Robot Excercise\\Assignment_Web_AUT_Group2\\Assignment_Web_AUT_Group2\\PageObjects\\Common/../../Extension/ublock.crx</arg>
<doc>Calls the named method of the given object with the provided arguments.</doc>
<status status="PASS" starttime="20220520 16:32:29.985" endtime="20220520 16:32:29.987"/>
</kw>
<kw name="Create Webdriver" library="Selenium2Library">
<arg>Chrome</arg>
<arg>chrome_options=${options}</arg>
<doc>Creates an instance of Selenium WebDriver.</doc>
<msg timestamp="20220520 16:32:29.990" level="INFO">Creating an instance of the Chrome WebDriver.</msg>
<status status="PASS" starttime="20220520 16:32:29.987" endtime="20220520 16:32:34.368"/>
</kw>
<kw name="Go To" library="Selenium2Library">
<arg>${URL}</arg>
<doc>Navigates the current browser window to the provided ``url``.</doc>
<msg timestamp="20220520 16:32:34.368" level="INFO">Opening url 'https://ecommerce.anhtester.com/login'</msg>
<status status="PASS" starttime="20220520 16:32:34.368" endtime="20220520 16:32:38.372"/>
</kw>
<kw name="Maximize Browser Window" library="Selenium2Library">
<doc>Maximizes current browser window.</doc>
<status status="PASS" starttime="20220520 16:32:38.373" endtime="20220520 16:32:38.539"/>
</kw>
<kw name="Verify Current URL" library="common">
<kw name="Get Location" library="Selenium2Library">
<var>${curURL}</var>
<doc>Returns the current browser window URL.</doc>
<msg timestamp="20220520 16:32:38.548" level="INFO">${curURL} = https://ecommerce.anhtester.com/login</msg>
<status status="PASS" starttime="20220520 16:32:38.541" endtime="20220520 16:32:38.549"/>
</kw>
<kw name="Log To Console" library="BuiltIn">
<arg>${curURL}</arg>
<doc>Logs the given message to the console.</doc>
<status status="PASS" starttime="20220520 16:32:38.549" endtime="20220520 16:32:38.549"/>
</kw>
<status status="PASS" starttime="20220520 16:32:38.540" endtime="20220520 16:32:38.550"/>
</kw>
<status status="PASS" starttime="20220520 16:32:29.979" endtime="20220520 16:32:38.550"/>
</kw>
<kw name="Test Login">
<arg>${EMPTY}</arg>
<arg>123456abcbsksdg</arg>
<kw name="Enter Email" library="LoginKW">
<arg>${emailInput}</arg>
<kw name="Input For Text" library="common">
<arg>${emailTxt}</arg>
<arg>${emailInput}</arg>
<kw name="Wait Until Element Is Visible" library="Selenium2Library">
<arg>${element}</arg>
<doc>Waits until the element ``locator`` is visible.</doc>
<status status="PASS" starttime="20220520 16:32:38.553" endtime="20220520 16:32:38.595"/>
</kw>
<kw name="Input Text" library="Selenium2Library">
<arg>${element}</arg>
<arg>${input}</arg>
<doc>Types the given ``text`` into the text field identified by ``locator``.</doc>
<msg timestamp="20220520 16:32:38.596" level="INFO">Typing text '' into text field 'xpath://input[@id='email']'.</msg>
<status status="PASS" starttime="20220520 16:32:38.596" endtime="20220520 16:32:38.707"/>
</kw>
<status status="PASS" starttime="20220520 16:32:38.552" endtime="20220520 16:32:38.708"/>
</kw>
<status status="PASS" starttime="20220520 16:32:38.552" endtime="20220520 16:32:38.708"/>
</kw>
<kw name="Enter Password" library="LoginKW">
<arg>${passwordInput}</arg>
<kw name="Input For Text" library="common">
<arg>${passwordTxt}</arg>
<arg>${passwordInput}</arg>
<kw name="Wait Until Element Is Visible" library="Selenium2Library">
<arg>${element}</arg>
<doc>Waits until the element ``locator`` is visible.</doc>
<status status="PASS" starttime="20220520 16:32:38.709" endtime="20220520 16:32:38.753"/>
</kw>
<kw name="Input Text" library="Selenium2Library">
<arg>${element}</arg>
<arg>${input}</arg>
<doc>Types the given ``text`` into the text field identified by ``locator``.</doc>
<msg timestamp="20220520 16:32:38.754" level="INFO">Typing text '123456abcbsksdg' into text field 'xpath://input[@id='password']'.</msg>
<status status="PASS" starttime="20220520 16:32:38.753" endtime="20220520 16:32:38.911"/>
</kw>
<status status="PASS" starttime="20220520 16:32:38.709" endtime="20220520 16:32:38.911"/>
</kw>
<status status="PASS" starttime="20220520 16:32:38.708" endtime="20220520 16:32:38.911"/>
</kw>
<kw name="Click On Button Login" library="LoginKW">
<kw name="Click For Element" library="common">
<arg>${loginBtn}</arg>
<kw name="Wait Until Element Is Visible" library="Selenium2Library">
<arg>${element}</arg>
<doc>Waits until the element ``locator`` is visible.</doc>
<status status="PASS" starttime="20220520 16:32:38.913" endtime="20220520 16:32:38.950"/>
</kw>
<kw name="Click Element" library="Selenium2Library">
<arg>${element}</arg>
<doc>Click the element identified by ``locator``.</doc>
<msg timestamp="20220520 16:32:38.950" level="INFO">Clicking element 'xpath://button[normalize-space()='Login']'.</msg>
<status status="PASS" starttime="20220520 16:32:38.950" endtime="20220520 16:32:39.053"/>
</kw>
<status status="PASS" starttime="20220520 16:32:38.912" endtime="20220520 16:32:39.054"/>
</kw>
<status status="PASS" starttime="20220520 16:32:38.912" endtime="20220520 16:32:39.054"/>
</kw>
<status status="PASS" starttime="20220520 16:32:38.550" endtime="20220520 16:32:39.055"/>
</kw>
<kw name="Close My Browser" library="common" type="TEARDOWN">
<kw name="Close All Browsers" library="Selenium2Library">
<doc>Closes all open browsers and resets the browser cache.</doc>
<status status="PASS" starttime="20220520 16:32:39.057" endtime="20220520 16:32:41.508"/>
</kw>
<status status="PASS" starttime="20220520 16:32:39.056" endtime="20220520 16:32:41.509"/>
</kw>
<status status="PASS" starttime="20220520 16:32:29.969" endtime="20220520 16:32:41.509"/>
</test>
<test id="s1-t10" name="Login" line="13">
<kw name="Open My Browser" library="common" type="SETUP">
<kw name="Evaluate" library="BuiltIn">
<var>${options}</var>
<arg>sys.modules['selenium.webdriver'].ChromeOptions()</arg>
<arg>sys, selenium.webdriver</arg>
<doc>Evaluates the given expression in Python and returns the result.</doc>
<msg timestamp="20220520 16:32:41.517" level="INFO">${options} = &lt;selenium.webdriver.chrome.options.Options object at 0x000001FC37685120&gt;</msg>
<status status="PASS" starttime="20220520 16:32:41.516" endtime="20220520 16:32:41.517"/>
</kw>
<kw name="Call Method" library="BuiltIn">
<arg>${options}</arg>
<arg>add_extension</arg>
<arg>D:\\Fsoft\\Robot Excercise\\Assignment_Web_AUT_Group2\\Assignment_Web_AUT_Group2\\PageObjects\\Common/../../Extension/ublock.crx</arg>
<doc>Calls the named method of the given object with the provided arguments.</doc>
<status status="PASS" starttime="20220520 16:32:41.517" endtime="20220520 16:32:41.518"/>
</kw>
<kw name="Create Webdriver" library="Selenium2Library">
<arg>Chrome</arg>
<arg>chrome_options=${options}</arg>
<doc>Creates an instance of Selenium WebDriver.</doc>
<msg timestamp="20220520 16:32:41.519" level="INFO">Creating an instance of the Chrome WebDriver.</msg>
<status status="PASS" starttime="20220520 16:32:41.518" endtime="20220520 16:32:46.050"/>
</kw>
<kw name="Go To" library="Selenium2Library">
<arg>${URL}</arg>
<doc>Navigates the current browser window to the provided ``url``.</doc>
<msg timestamp="20220520 16:32:46.051" level="INFO">Opening url 'https://ecommerce.anhtester.com/login'</msg>
<status status="PASS" starttime="20220520 16:32:46.050" endtime="20220520 16:32:49.919"/>
</kw>
<kw name="Maximize Browser Window" library="Selenium2Library">
<doc>Maximizes current browser window.</doc>
<status status="PASS" starttime="20220520 16:32:49.919" endtime="20220520 16:32:50.077"/>
</kw>
<kw name="Verify Current URL" library="common">
<kw name="Get Location" library="Selenium2Library">
<var>${curURL}</var>
<doc>Returns the current browser window URL.</doc>
<msg timestamp="20220520 16:32:50.084" level="INFO">${curURL} = https://ecommerce.anhtester.com/login</msg>
<status status="PASS" starttime="20220520 16:32:50.078" endtime="20220520 16:32:50.084"/>
</kw>
<kw name="Log To Console" library="BuiltIn">
<arg>${curURL}</arg>
<doc>Logs the given message to the console.</doc>
<status status="PASS" starttime="20220520 16:32:50.085" endtime="20220520 16:32:50.085"/>
</kw>
<status status="PASS" starttime="20220520 16:32:50.078" endtime="20220520 16:32:50.086"/>
</kw>
<status status="PASS" starttime="20220520 16:32:41.516" endtime="20220520 16:32:50.086"/>
</kw>
<kw name="Test Login">
<arg>tienthanhxh2000@gmail.com</arg>
<arg>123456</arg>
<kw name="Enter Email" library="LoginKW">
<arg>${emailInput}</arg>
<kw name="Input For Text" library="common">
<arg>${emailTxt}</arg>
<arg>${emailInput}</arg>
<kw name="Wait Until Element Is Visible" library="Selenium2Library">
<arg>${element}</arg>
<doc>Waits until the element ``locator`` is visible.</doc>
<status status="PASS" starttime="20220520 16:32:50.090" endtime="20220520 16:32:50.136"/>
</kw>
<kw name="Input Text" library="Selenium2Library">
<arg>${element}</arg>
<arg>${input}</arg>
<doc>Types the given ``text`` into the text field identified by ``locator``.</doc>
<msg timestamp="20220520 16:32:50.137" level="INFO">Typing text 'tienthanhxh2000@gmail.com' into text field 'xpath://input[@id='email']'.</msg>
<status status="PASS" starttime="20220520 16:32:50.136" endtime="20220520 16:32:50.316"/>
</kw>
<status status="PASS" starttime="20220520 16:32:50.089" endtime="20220520 16:32:50.316"/>
</kw>
<status status="PASS" starttime="20220520 16:32:50.087" endtime="20220520 16:32:50.317"/>
</kw>
<kw name="Enter Password" library="LoginKW">
<arg>${passwordInput}</arg>
<kw name="Input For Text" library="common">
<arg>${passwordTxt}</arg>
<arg>${passwordInput}</arg>
<kw name="Wait Until Element Is Visible" library="Selenium2Library">
<arg>${element}</arg>
<doc>Waits until the element ``locator`` is visible.</doc>
<status status="PASS" starttime="20220520 16:32:50.318" endtime="20220520 16:32:50.353"/>
</kw>
<kw name="Input Text" library="Selenium2Library">
<arg>${element}</arg>
<arg>${input}</arg>
<doc>Types the given ``text`` into the text field identified by ``locator``.</doc>
<msg timestamp="20220520 16:32:50.354" level="INFO">Typing text '123456' into text field 'xpath://input[@id='password']'.</msg>
<status status="PASS" starttime="20220520 16:32:50.353" endtime="20220520 16:32:50.479"/>
</kw>
<status status="PASS" starttime="20220520 16:32:50.317" endtime="20220520 16:32:50.479"/>
</kw>
<status status="PASS" starttime="20220520 16:32:50.317" endtime="20220520 16:32:50.480"/>
</kw>
<kw name="Click On Button Login" library="LoginKW">
<kw name="Click For Element" library="common">
<arg>${loginBtn}</arg>
<kw name="Wait Until Element Is Visible" library="Selenium2Library">
<arg>${element}</arg>
<doc>Waits until the element ``locator`` is visible.</doc>
<status status="PASS" starttime="20220520 16:32:50.482" endtime="20220520 16:32:50.518"/>
</kw>
<kw name="Click Element" library="Selenium2Library">
<arg>${element}</arg>
<doc>Click the element identified by ``locator``.</doc>
<msg timestamp="20220520 16:32:50.519" level="INFO">Clicking element 'xpath://button[normalize-space()='Login']'.</msg>
<status status="PASS" starttime="20220520 16:32:50.518" endtime="20220520 16:32:52.669"/>
</kw>
<status status="PASS" starttime="20220520 16:32:50.481" endtime="20220520 16:32:52.670"/>
</kw>
<status status="PASS" starttime="20220520 16:32:50.480" endtime="20220520 16:32:52.671"/>
</kw>
<status status="PASS" starttime="20220520 16:32:50.087" endtime="20220520 16:32:52.671"/>
</kw>
<kw name="Close My Browser" library="common" type="TEARDOWN">
<kw name="Close All Browsers" library="Selenium2Library">
<doc>Closes all open browsers and resets the browser cache.</doc>
<status status="PASS" starttime="20220520 16:32:52.681" endtime="20220520 16:32:55.155"/>
</kw>
<status status="PASS" starttime="20220520 16:32:52.679" endtime="20220520 16:32:55.156"/>
</kw>
<status status="PASS" starttime="20220520 16:32:41.512" endtime="20220520 16:32:55.158"/>
</test>
<doc>Test Case Login</doc>
<status status="PASS" starttime="20220520 16:31:02.483" endtime="20220520 16:32:55.164"/>
</suite>
<statistics>
<total>
<stat pass="10" fail="0" skip="0">All Tests</stat>
</total>
<tag>
</tag>
<suite>
<stat pass="10" fail="0" skip="0" id="s1" name="loginTC">loginTC</stat>
</suite>
</statistics>
<errors>
<msg timestamp="20220520 16:31:17.024" level="WARN">Multiple tests with name 'Login' executed in suite 'loginTC'.</msg>
<msg timestamp="20220520 16:31:29.346" level="WARN">Multiple tests with name 'Login' executed in suite 'loginTC'.</msg>
<msg timestamp="20220520 16:31:39.026" level="WARN">Multiple tests with name 'Login' executed in suite 'loginTC'.</msg>
<msg timestamp="20220520 16:31:50.856" level="WARN">Multiple tests with name 'Login' executed in suite 'loginTC'.</msg>
<msg timestamp="20220520 16:32:00.318" level="WARN">Multiple tests with name 'Login' executed in suite 'loginTC'.</msg>
<msg timestamp="20220520 16:32:11.005" level="WARN">Multiple tests with name 'Login' executed in suite 'loginTC'.</msg>
<msg timestamp="20220520 16:32:20.363" level="WARN">Multiple tests with name 'Login' executed in suite 'loginTC'.</msg>
<msg timestamp="20220520 16:32:29.967" level="WARN">Multiple tests with name 'Login' executed in suite 'loginTC'.</msg>
<msg timestamp="20220520 16:32:41.511" level="WARN">Multiple tests with name 'Login' executed in suite 'loginTC'.</msg>
</errors>
</robot>
